-------------------------------------------------------------------------------
Test set: ch.uzh.ifi.seal.changedistiller.distilling.WhenExamplesFromRealProjectsAreDistilled
-------------------------------------------------------------------------------
Tests run: 1, Failures: 0, Errors: 1, Skipped: 0, Time elapsed: 0.014 sec <<< FAILURE!
ch.uzh.ifi.seal.changedistiller.distilling.WhenExamplesFromRealProjectsAreDistilled  Time elapsed: 0.067 sec  <<< ERROR!
com.google.inject.CreationException: Guice creation errors:

1) A binding to java.lang.String annotated with @com.google.inject.assistedinject.Assisted(value=) was already configured at ch.uzh.ifi.seal.changedistiller.ast.ASTHelperFactory.create().
  at ch.uzh.ifi.seal.changedistiller.ast.ASTHelperFactory.create(ASTHelperFactory.java:1)
  at com.google.inject.assistedinject.FactoryProvider2.initialize(FactoryProvider2.java:539)
  at com.google.inject.assistedinject.FactoryModuleBuilder$1.configure(FactoryModuleBuilder.java:335)

1 error
	at com.google.inject.internal.Errors.throwCreationExceptionIfErrorsExist(Errors.java:435)
	at com.google.inject.internal.InternalInjectorCreator.injectDynamically(InternalInjectorCreator.java:175)
	at com.google.inject.internal.InternalInjectorCreator.build(InternalInjectorCreator.java:109)
	at com.google.inject.Guice.createInjector(Guice.java:95)
	at com.google.inject.Guice.createInjector(Guice.java:72)
	at com.google.inject.Guice.createInjector(Guice.java:62)
	at ch.uzh.ifi.seal.changedistiller.ChangeDistiller.createFileDistiller(ChangeDistiller.java:48)
	at ch.uzh.ifi.seal.changedistiller.distilling.WhenExamplesFromRealProjectsAreDistilled.initialize(WhenExamplesFromRealProjectsAreDistilled.java:53)
	at java.base/jdk.internal.reflect.NativeMethodAccessorImpl.invoke0(Native Method)
	at java.base/jdk.internal.reflect.NativeMethodAccessorImpl.invoke(NativeMethodAccessorImpl.java:62)
	at java.base/jdk.internal.reflect.DelegatingMethodAccessorImpl.invoke(DelegatingMethodAccessorImpl.java:43)
	at java.base/java.lang.reflect.Method.invoke(Method.java:564)
	at org.junit.runners.model.FrameworkMethod$1.runReflectiveCall(FrameworkMethod.java:47)
	at org.junit.internal.runners.model.ReflectiveCallable.run(ReflectiveCallable.java:12)
	at org.junit.runners.model.FrameworkMethod.invokeExplosively(FrameworkMethod.java:44)
	at org.junit.internal.runners.statements.RunBefores.evaluate(RunBefores.java:24)
	at org.junit.runners.ParentRunner.run(ParentRunner.java:309)
	at org.apache.maven.surefire.junit4.JUnit4TestSet.execute(JUnit4TestSet.java:53)
	at org.apache.maven.surefire.junit4.JUnit4Provider.executeTestSet(JUnit4Provider.java:119)
	at org.apache.maven.surefire.junit4.JUnit4Provider.invoke(JUnit4Provider.java:101)
	at java.base/jdk.internal.reflect.NativeMethodAccessorImpl.invoke0(Native Method)
	at java.base/jdk.internal.reflect.NativeMethodAccessorImpl.invoke(NativeMethodAccessorImpl.java:62)
	at java.base/jdk.internal.reflect.DelegatingMethodAccessorImpl.invoke(DelegatingMethodAccessorImpl.java:43)
	at java.base/java.lang.reflect.Method.invoke(Method.java:564)
	at org.apache.maven.surefire.booter.ProviderFactory$ClassLoaderProxy.invoke(ProviderFactory.java:103)
	at com.sun.proxy.$Proxy0.invoke(Unknown Source)
	at org.apache.maven.surefire.booter.SurefireStarter.invokeProvider(SurefireStarter.java:150)
	at org.apache.maven.surefire.booter.SurefireStarter.runSuitesInProcess(SurefireStarter.java:91)
	at org.apache.maven.surefire.booter.ForkedBooter.main(ForkedBooter.java:69)

