<?xml version="1.0" encoding="UTF-8" ?>
<testsuite tests="31" failures="0" name="ch.uzh.ifi.seal.changedistiller.ast.java.WhenMethodBodiesAreConverted" time="0.04" errors="0" skipped="0">
  <properties>
[...]
</properties>
  <testcase classname="ch.uzh.ifi.seal.changedistiller.ast.java.WhenMethodBodiesAreConverted" name="doStatementShouldBeConverted" time="0.003"/>
  <testcase classname="ch.uzh.ifi.seal.changedistiller.ast.java.WhenMethodBodiesAreConverted" name="tryStatementWithoutCatchClausesShouldBeConverted" time="0.005"/>
  <testcase classname="ch.uzh.ifi.seal.changedistiller.ast.java.WhenMethodBodiesAreConverted" name="returnStatementShouldBeConverted" time="0.001"/>
  <testcase classname="ch.uzh.ifi.seal.changedistiller.ast.java.WhenMethodBodiesAreConverted" name="localDeclarationShouldBeConverted" time="0.001"/>
  <testcase classname="ch.uzh.ifi.seal.changedistiller.ast.java.WhenMethodBodiesAreConverted" name="forStatementWithoutConditionShouldBeConverted" time="0.001"/>
  <testcase classname="ch.uzh.ifi.seal.changedistiller.ast.java.WhenMethodBodiesAreConverted" name="synchronizedStatementShouldBeConverted" time="0.001"/>
  <testcase classname="ch.uzh.ifi.seal.changedistiller.ast.java.WhenMethodBodiesAreConverted" name="continueStatementWithoutLabelShouldBeConverted" time="0"/>
  <testcase classname="ch.uzh.ifi.seal.changedistiller.ast.java.WhenMethodBodiesAreConverted" name="ifStatementWithoutElseShouldBeConverted" time="0"/>
  <testcase classname="ch.uzh.ifi.seal.changedistiller.ast.java.WhenMethodBodiesAreConverted" name="tryStatementShouldBeConverted" time="0.001"/>
  <testcase classname="ch.uzh.ifi.seal.changedistiller.ast.java.WhenMethodBodiesAreConverted" name="qualifiedAllocationExpressionShouldBeConverted" time="0.003"/>
  <testcase classname="ch.uzh.ifi.seal.changedistiller.ast.java.WhenMethodBodiesAreConverted" name="assertStatementWithoutExceptionArgumentShouldBeConverted" time="0.001"/>
  <testcase classname="ch.uzh.ifi.seal.changedistiller.ast.java.WhenMethodBodiesAreConverted" name="throwStatementShouldBeConverted" time="0"/>
  <testcase classname="ch.uzh.ifi.seal.changedistiller.ast.java.WhenMethodBodiesAreConverted" name="assertStatementWithExceptionArgumentShouldBeConverted" time="0"/>
  <testcase classname="ch.uzh.ifi.seal.changedistiller.ast.java.WhenMethodBodiesAreConverted" name="assignmentShouldBeConverted" time="0"/>
  <testcase classname="ch.uzh.ifi.seal.changedistiller.ast.java.WhenMethodBodiesAreConverted" name="tryStatementWithoutFinallyShouldBeConverted" time="0"/>
  <testcase classname="ch.uzh.ifi.seal.changedistiller.ast.java.WhenMethodBodiesAreConverted" name="allocationExpressionShouldBeConverted" time="0"/>
  <testcase classname="ch.uzh.ifi.seal.changedistiller.ast.java.WhenMethodBodiesAreConverted" name="switchStatementShouldBeConverted" time="0.003"/>
  <testcase classname="ch.uzh.ifi.seal.changedistiller.ast.java.WhenMethodBodiesAreConverted" name="explicitConstructorCallShouldBeConverted" time="0"/>
  <testcase classname="ch.uzh.ifi.seal.changedistiller.ast.java.WhenMethodBodiesAreConverted" name="whileStatementWithoutFinallyShouldBeConverted" time="0"/>
  <testcase classname="ch.uzh.ifi.seal.changedistiller.ast.java.WhenMethodBodiesAreConverted" name="continueStatementWithLabelShouldBeConverted" time="0.001"/>
  <testcase classname="ch.uzh.ifi.seal.changedistiller.ast.java.WhenMethodBodiesAreConverted" name="emptyReturnStatementShouldBeConverted" time="0"/>
  <testcase classname="ch.uzh.ifi.seal.changedistiller.ast.java.WhenMethodBodiesAreConverted" name="messageSendShouldBeConverted" time="0.001"/>
  <testcase classname="ch.uzh.ifi.seal.changedistiller.ast.java.WhenMethodBodiesAreConverted" name="foreachStatemenShouldBeConverted" time="0.001"/>
  <testcase classname="ch.uzh.ifi.seal.changedistiller.ast.java.WhenMethodBodiesAreConverted" name="prefixExpressionShouldBeConverted" time="0.001"/>
  <testcase classname="ch.uzh.ifi.seal.changedistiller.ast.java.WhenMethodBodiesAreConverted" name="postfixExpressionShouldBeConverted" time="0"/>
  <testcase classname="ch.uzh.ifi.seal.changedistiller.ast.java.WhenMethodBodiesAreConverted" name="ifStatementShouldBeConverted" time="0.001"/>
  <testcase classname="ch.uzh.ifi.seal.changedistiller.ast.java.WhenMethodBodiesAreConverted" name="breakStatementWithoutLabelShouldBeConverted" time="0"/>
  <testcase classname="ch.uzh.ifi.seal.changedistiller.ast.java.WhenMethodBodiesAreConverted" name="forStatementWithConditionShouldBeConverted" time="0"/>
  <testcase classname="ch.uzh.ifi.seal.changedistiller.ast.java.WhenMethodBodiesAreConverted" name="compoundAssignmentShouldBeConverted" time="0"/>
  <testcase classname="ch.uzh.ifi.seal.changedistiller.ast.java.WhenMethodBodiesAreConverted" name="breakStatementWithLabelShouldBeConverted" time="0"/>
  <testcase classname="ch.uzh.ifi.seal.changedistiller.ast.java.WhenMethodBodiesAreConverted" name="labeledStatementShouldBeConverted" time="0.001"/>
</testsuite>