<?xml version="1.0" encoding="UTF-8" ?>
<testsuite tests="11" failures="0" name="ch.uzh.ifi.seal.changedistiller.distilling.WhenExamplesFromRealProjectsAreDistilled" time="0.835" errors="0" skipped="0">
  <properties>
[...]
</properties>
  <testcase classname="ch.uzh.ifi.seal.changedistiller.distilling.WhenExamplesFromRealProjectsAreDistilled" name="noIllegalArgumentExceptionShouldOccur" time="0.113"/>
  <testcase classname="ch.uzh.ifi.seal.changedistiller.distilling.WhenExamplesFromRealProjectsAreDistilled" name="statementInsertIntoSwitchShouldBeDetected" time="0.02"/>
  <testcase classname="ch.uzh.ifi.seal.changedistiller.distilling.WhenExamplesFromRealProjectsAreDistilled" name="fileDistillerShouldParseJava14" time="0.266"/>
  <testcase classname="ch.uzh.ifi.seal.changedistiller.distilling.WhenExamplesFromRealProjectsAreDistilled" name="postfixExpressionUpdateShouldBeDetected" time="0.006"/>
  <testcase classname="ch.uzh.ifi.seal.changedistiller.distilling.WhenExamplesFromRealProjectsAreDistilled" name="noNullPointerExceptionShouldOccur1" time="0.292"/>
  <testcase classname="ch.uzh.ifi.seal.changedistiller.distilling.WhenExamplesFromRealProjectsAreDistilled" name="noNullPointerExceptionShouldOccur2" time="0.024"/>
  <testcase classname="ch.uzh.ifi.seal.changedistiller.distilling.WhenExamplesFromRealProjectsAreDistilled" name="noNullPointerExceptionShouldOccur3" time="0.017"/>
  <testcase classname="ch.uzh.ifi.seal.changedistiller.distilling.WhenExamplesFromRealProjectsAreDistilled" name="noNullPointerExceptionShouldOccur4" time="0.054"/>
  <testcase classname="ch.uzh.ifi.seal.changedistiller.distilling.WhenExamplesFromRealProjectsAreDistilled" name="noNullPointerExceptionShouldOccur5" time="0.005"/>
  <testcase classname="ch.uzh.ifi.seal.changedistiller.distilling.WhenExamplesFromRealProjectsAreDistilled" name="noStackOverflowErrorShouldOccur" time="0.008"/>
  <testcase classname="ch.uzh.ifi.seal.changedistiller.distilling.WhenExamplesFromRealProjectsAreDistilled" name="primitiveTypesShouldNotBeSimpleTypes" time="0.005"/>
</testsuite>